c:\users\adi\documents\faks\4. semestar\seminar\seminartemplate\seminartemplate\debug\seminartemplate.pch
c:\users\adi\documents\faks\4. semestar\seminar\seminartemplate\seminartemplate\debug\vc141.pdb
c:\users\adi\documents\faks\4. semestar\seminar\seminartemplate\seminartemplate\debug\vc141.idb
c:\users\adi\documents\faks\4. semestar\seminar\seminartemplate\seminartemplate\debug\stdafx.obj
c:\users\adi\documents\faks\4. semestar\seminar\seminartemplate\seminartemplate\debug\seminartemplate.obj
c:\users\adi\documents\faks\4. semestar\seminar\seminartemplate\seminartemplate\debug\primsalgorithm.obj
c:\users\adi\documents\faks\4. semestar\seminar\seminartemplate\seminartemplate\debug\msgbox.obj
c:\users\adi\documents\faks\4. semestar\seminar\seminartemplate\seminartemplate\debug\kruskalsalgorithm.obj
c:\users\adi\documents\faks\4. semestar\seminar\seminartemplate\seminartemplate\debug\grid.obj
c:\users\adi\documents\faks\4. semestar\seminar\seminartemplate\seminartemplate\debug\shortestdistancemaze.obj
c:\users\adi\documents\faks\4. semestar\seminar\seminartemplate\seminartemplate\debug\depthfirstalgorithm.obj
c:\users\adi\documents\faks\4. semestar\seminar\seminartemplate\debug\seminartemplate.exe
c:\users\adi\documents\faks\4. semestar\seminar\seminartemplate\debug\seminartemplate.ilk
c:\users\adi\documents\faks\4. semestar\seminar\seminartemplate\debug\seminartemplate.pdb
c:\users\adi\documents\faks\4. semestar\seminar\seminartemplate\seminartemplate\debug\seminartemplate.obj.enc
c:\users\adi\documents\faks\4. semestar\seminar\seminartemplate\seminartemplate\debug\shortestdistancemaze.obj.enc
c:\users\adi\documents\faks\4. semestar\seminar\seminartemplate\seminartemplate\debug\seminartemplate.tlog\cl.command.1.tlog
c:\users\adi\documents\faks\4. semestar\seminar\seminartemplate\seminartemplate\debug\seminartemplate.tlog\cl.read.1.tlog
c:\users\adi\documents\faks\4. semestar\seminar\seminartemplate\seminartemplate\debug\seminartemplate.tlog\cl.write.1.tlog
c:\users\adi\documents\faks\4. semestar\seminar\seminartemplate\seminartemplate\debug\seminartemplate.tlog\link.command.1.tlog
c:\users\adi\documents\faks\4. semestar\seminar\seminartemplate\seminartemplate\debug\seminartemplate.tlog\link.read.1.tlog
c:\users\adi\documents\faks\4. semestar\seminar\seminartemplate\seminartemplate\debug\seminartemplate.tlog\link.write.1.tlog
